---------------------------------------------------------------
[ 2017-11-01T08:29:48+08:00 ] 0.0.0.0 127.0.0.1 GET /index/index/test
[ info ] 127.0.0.1:86/index/index/test [运行时间：0.810014s][吞吐率：1.23req/s] [内存消耗：1,420.53kb] [文件加载：48]
[ info ] [ LANG ] G:\phpStudy\WWW\thinkphp\tp5\thinkphp\lang\zh-cn.php
[ info ] [ ROUTE ] array (
  'type' => 'module',
  'module' => 
  array (
    0 => 'index',
    1 => 'index',
    2 => 'test',
  ),
)
[ info ] [ HEADER ] array (
  'host' => '127.0.0.1:86',
  'connection' => 'keep-alive',
  'user-agent' => 'Mozilla/5.0 (Windows NT 6.3; WOW64) AppleWebKit/537.36 (KHTML, like Gecko) Chrome/61.0.3163.91 Safari/537.36',
  'upgrade-insecure-requests' => '1',
  'accept' => 'text/html,application/xhtml+xml,application/xml;q=0.9,image/webp,image/apng,*/*;q=0.8',
  'accept-encoding' => 'gzip, deflate, br',
  'accept-language' => 'zh-CN,zh;q=0.8',
)
[ info ] [ PARAM ] array (
)
[ info ] [ RUN ] app\index\controller\IndexController->test[ G:\phpStudy\WWW\thinkphp\tp5\application\index\controller\IndexController.php ]
[ info ] [ LOG ] INIT File
[ error ] [8]Use of undefined constant index - assumed 'index'[G:\phpStudy\WWW\thinkphp\tp5\application\index\controller\IndexController.php:12]
---------------------------------------------------------------
[ 2017-11-01T08:30:10+08:00 ] 0.0.0.0 127.0.0.1 GET /index/index/test
[ info ] 127.0.0.1:86/index/index/test [运行时间：0.024515s][吞吐率：40.79req/s] [内存消耗：1,383.72kb] [文件加载：44]
[ info ] [ LANG ] G:\phpStudy\WWW\thinkphp\tp5\thinkphp\lang\zh-cn.php
[ info ] [ ROUTE ] array (
  'type' => 'module',
  'module' => 
  array (
    0 => 'index',
    1 => 'index',
    2 => 'test',
  ),
)
[ info ] [ HEADER ] array (
  'host' => '127.0.0.1:86',
  'connection' => 'keep-alive',
  'cache-control' => 'max-age=0',
  'user-agent' => 'Mozilla/5.0 (Windows NT 6.3; WOW64) AppleWebKit/537.36 (KHTML, like Gecko) Chrome/61.0.3163.91 Safari/537.36',
  'upgrade-insecure-requests' => '1',
  'accept' => 'text/html,application/xhtml+xml,application/xml;q=0.9,image/webp,image/apng,*/*;q=0.8',
  'accept-encoding' => 'gzip, deflate, br',
  'accept-language' => 'zh-CN,zh;q=0.8',
)
[ info ] [ PARAM ] array (
)
[ info ] [ RUN ] app\index\controller\IndexController->test[ G:\phpStudy\WWW\thinkphp\tp5\application\index\controller\IndexController.php ]
[ info ] [ LOG ] INIT File
---------------------------------------------------------------
[ 2017-11-01T08:34:51+08:00 ] 0.0.0.0 127.0.0.1 GET /index/index/test
[ info ] 127.0.0.1:86/index/index/test [运行时间：0.028258s][吞吐率：35.39req/s] [内存消耗：1,383.72kb] [文件加载：44]
[ info ] [ LANG ] G:\phpStudy\WWW\thinkphp\tp5\thinkphp\lang\zh-cn.php
[ info ] [ ROUTE ] array (
  'type' => 'module',
  'module' => 
  array (
    0 => 'index',
    1 => 'index',
    2 => 'test',
  ),
)
[ info ] [ HEADER ] array (
  'host' => '127.0.0.1:86',
  'connection' => 'keep-alive',
  'cache-control' => 'max-age=0',
  'user-agent' => 'Mozilla/5.0 (Windows NT 6.3; WOW64) AppleWebKit/537.36 (KHTML, like Gecko) Chrome/61.0.3163.91 Safari/537.36',
  'upgrade-insecure-requests' => '1',
  'accept' => 'text/html,application/xhtml+xml,application/xml;q=0.9,image/webp,image/apng,*/*;q=0.8',
  'accept-encoding' => 'gzip, deflate, br',
  'accept-language' => 'zh-CN,zh;q=0.8',
)
[ info ] [ PARAM ] array (
)
[ info ] [ RUN ] app\index\controller\IndexController->test[ G:\phpStudy\WWW\thinkphp\tp5\application\index\controller\IndexController.php ]
[ info ] [ LOG ] INIT File
---------------------------------------------------------------
[ 2017-11-01T08:34:52+08:00 ] 0.0.0.0 127.0.0.1 GET /index/index/test
[ info ] 127.0.0.1:86/index/index/test [运行时间：0.020725s][吞吐率：48.25req/s] [内存消耗：1,383.72kb] [文件加载：44]
[ info ] [ LANG ] G:\phpStudy\WWW\thinkphp\tp5\thinkphp\lang\zh-cn.php
[ info ] [ ROUTE ] array (
  'type' => 'module',
  'module' => 
  array (
    0 => 'index',
    1 => 'index',
    2 => 'test',
  ),
)
[ info ] [ HEADER ] array (
  'host' => '127.0.0.1:86',
  'connection' => 'keep-alive',
  'cache-control' => 'max-age=0',
  'user-agent' => 'Mozilla/5.0 (Windows NT 6.3; WOW64) AppleWebKit/537.36 (KHTML, like Gecko) Chrome/61.0.3163.91 Safari/537.36',
  'upgrade-insecure-requests' => '1',
  'accept' => 'text/html,application/xhtml+xml,application/xml;q=0.9,image/webp,image/apng,*/*;q=0.8',
  'accept-encoding' => 'gzip, deflate, br',
  'accept-language' => 'zh-CN,zh;q=0.8',
)
[ info ] [ PARAM ] array (
)
[ info ] [ RUN ] app\index\controller\IndexController->test[ G:\phpStudy\WWW\thinkphp\tp5\application\index\controller\IndexController.php ]
[ info ] [ LOG ] INIT File
---------------------------------------------------------------
[ 2017-11-01T08:34:58+08:00 ] 0.0.0.0 127.0.0.1 GET /index/index/test
[ info ] 127.0.0.1:86/index/index/test [运行时间：0.025593s][吞吐率：39.07req/s] [内存消耗：1,383.72kb] [文件加载：44]
[ info ] [ LANG ] G:\phpStudy\WWW\thinkphp\tp5\thinkphp\lang\zh-cn.php
[ info ] [ ROUTE ] array (
  'type' => 'module',
  'module' => 
  array (
    0 => 'index',
    1 => 'index',
    2 => 'test',
  ),
)
[ info ] [ HEADER ] array (
  'host' => '127.0.0.1:86',
  'connection' => 'keep-alive',
  'cache-control' => 'max-age=0',
  'user-agent' => 'Mozilla/5.0 (Windows NT 6.3; WOW64) AppleWebKit/537.36 (KHTML, like Gecko) Chrome/61.0.3163.91 Safari/537.36',
  'upgrade-insecure-requests' => '1',
  'accept' => 'text/html,application/xhtml+xml,application/xml;q=0.9,image/webp,image/apng,*/*;q=0.8',
  'accept-encoding' => 'gzip, deflate, br',
  'accept-language' => 'zh-CN,zh;q=0.8',
)
[ info ] [ PARAM ] array (
)
[ info ] [ RUN ] app\index\controller\IndexController->test[ G:\phpStudy\WWW\thinkphp\tp5\application\index\controller\IndexController.php ]
[ info ] [ LOG ] INIT File
---------------------------------------------------------------
[ 2017-11-01T08:35:48+08:00 ] 0.0.0.0 127.0.0.1 GET /index/index/test
[ info ] 127.0.0.1:86/index/index/test [运行时间：0.022448s][吞吐率：44.55req/s] [内存消耗：1,383.72kb] [文件加载：44]
[ info ] [ LANG ] G:\phpStudy\WWW\thinkphp\tp5\thinkphp\lang\zh-cn.php
[ info ] [ ROUTE ] array (
  'type' => 'module',
  'module' => 
  array (
    0 => 'index',
    1 => 'index',
    2 => 'test',
  ),
)
[ info ] [ HEADER ] array (
  'host' => '127.0.0.1:86',
  'connection' => 'keep-alive',
  'cache-control' => 'max-age=0',
  'user-agent' => 'Mozilla/5.0 (Windows NT 6.3; WOW64) AppleWebKit/537.36 (KHTML, like Gecko) Chrome/61.0.3163.91 Safari/537.36',
  'upgrade-insecure-requests' => '1',
  'accept' => 'text/html,application/xhtml+xml,application/xml;q=0.9,image/webp,image/apng,*/*;q=0.8',
  'accept-encoding' => 'gzip, deflate, br',
  'accept-language' => 'zh-CN,zh;q=0.8',
)
[ info ] [ PARAM ] array (
)
[ info ] [ RUN ] app\index\controller\IndexController->test[ G:\phpStudy\WWW\thinkphp\tp5\application\index\controller\IndexController.php ]
[ info ] [ LOG ] INIT File
---------------------------------------------------------------
[ 2017-11-01T08:35:51+08:00 ] 0.0.0.0 127.0.0.1 GET /index/index
[ info ] 127.0.0.1:86/index/index [运行时间：0.393763s][吞吐率：2.54req/s] [内存消耗：2,270.03kb] [文件加载：56]
[ info ] [ LANG ] G:\phpStudy\WWW\thinkphp\tp5\thinkphp\lang\zh-cn.php
[ info ] [ ROUTE ] array (
  'type' => 'module',
  'module' => 
  array (
    0 => 'index',
    1 => 'index',
    2 => NULL,
  ),
)
[ info ] [ HEADER ] array (
  'host' => '127.0.0.1:86',
  'connection' => 'keep-alive',
  'user-agent' => 'Mozilla/5.0 (Windows NT 6.3; WOW64) AppleWebKit/537.36 (KHTML, like Gecko) Chrome/61.0.3163.91 Safari/537.36',
  'upgrade-insecure-requests' => '1',
  'accept' => 'text/html,application/xhtml+xml,application/xml;q=0.9,image/webp,image/apng,*/*;q=0.8',
  'accept-encoding' => 'gzip, deflate, br',
  'accept-language' => 'zh-CN,zh;q=0.8',
)
[ info ] [ PARAM ] array (
)
[ info ] [ RUN ] app\index\controller\IndexController->index[ G:\phpStudy\WWW\thinkphp\tp5\application\index\controller\IndexController.php ]
[ info ] [ DB ] INIT mysql
[ info ] [ LOG ] INIT File
[ sql ] [ DB ] CONNECT:[ UseTime:0.006142s ] mysql:host=127.0.0.1;dbname=tp5;charset=utf8
[ sql ] [ SQL ] SHOW COLUMNS FROM `users` [ RunTime:0.044761s ]
[ sql ] [ SQL ] SELECT * FROM `users` WHERE (  (  id=2 ) ) AND `users`.`delete_time` IS NULL LIMIT 1 [ RunTime:0.001532s ]
[ sql ] [ SQL ] SELECT * FROM `users` WHERE (  `id` = 1 ) AND `users`.`delete_time` IS NULL LIMIT 1 [ RunTime:0.001176s ]
[ sql ] [ SQL ] SELECT * FROM `users` WHERE (  (  id = 1 ) ) AND `users`.`delete_time` IS NULL LIMIT 1 [ RunTime:0.001022s ]
[ sql ] [ SQL ] SELECT * FROM `users` WHERE (  `id` = 2 ) AND `users`.`delete_time` IS NULL LIMIT 1 [ RunTime:0.001136s ]
[ sql ] [ SQL ] SELECT * FROM `users` WHERE `users`.`delete_time` IS NULL [ RunTime:0.001033s ]
[ sql ] [ SQL ] SELECT * FROM `users` WHERE (  (  id>1 ) ) AND `users`.`delete_time` IS NULL [ RunTime:0.001387s ]
[ sql ] [ SQL ] SELECT * FROM `users` WHERE (  (  id>1 ) ) AND `users`.`delete_time` IS NULL [ RunTime:0.001094s ]
---------------------------------------------------------------
[ 2017-11-01T08:35:56+08:00 ] 0.0.0.0 127.0.0.1 GET /index/index/test
[ info ] 127.0.0.1:86/index/index/test [运行时间：0.026383s][吞吐率：37.90req/s] [内存消耗：1,383.41kb] [文件加载：44]
[ info ] [ LANG ] G:\phpStudy\WWW\thinkphp\tp5\thinkphp\lang\zh-cn.php
[ info ] [ ROUTE ] array (
  'type' => 'module',
  'module' => 
  array (
    0 => 'index',
    1 => 'index',
    2 => 'test',
  ),
)
[ info ] [ HEADER ] array (
  'host' => '127.0.0.1:86',
  'connection' => 'keep-alive',
  'user-agent' => 'Mozilla/5.0 (Windows NT 6.3; WOW64) AppleWebKit/537.36 (KHTML, like Gecko) Chrome/61.0.3163.91 Safari/537.36',
  'upgrade-insecure-requests' => '1',
  'accept' => 'text/html,application/xhtml+xml,application/xml;q=0.9,image/webp,image/apng,*/*;q=0.8',
  'accept-encoding' => 'gzip, deflate, br',
  'accept-language' => 'zh-CN,zh;q=0.8',
)
[ info ] [ PARAM ] array (
)
[ info ] [ RUN ] app\index\controller\IndexController->test[ G:\phpStudy\WWW\thinkphp\tp5\application\index\controller\IndexController.php ]
[ info ] [ LOG ] INIT File
---------------------------------------------------------------
[ 2017-11-01T08:37:00+08:00 ] 0.0.0.0 127.0.0.1 GET /index/index/test
[ info ] 127.0.0.1:86/index/index/test [运行时间：0.029354s][吞吐率：34.07req/s] [内存消耗：1,420.95kb] [文件加载：48]
[ info ] [ LANG ] G:\phpStudy\WWW\thinkphp\tp5\thinkphp\lang\zh-cn.php
[ info ] [ ROUTE ] array (
  'type' => 'module',
  'module' => 
  array (
    0 => 'index',
    1 => 'index',
    2 => 'test',
  ),
)
[ info ] [ HEADER ] array (
  'host' => '127.0.0.1:86',
  'connection' => 'keep-alive',
  'cache-control' => 'max-age=0',
  'user-agent' => 'Mozilla/5.0 (Windows NT 6.3; WOW64) AppleWebKit/537.36 (KHTML, like Gecko) Chrome/61.0.3163.91 Safari/537.36',
  'upgrade-insecure-requests' => '1',
  'accept' => 'text/html,application/xhtml+xml,application/xml;q=0.9,image/webp,image/apng,*/*;q=0.8',
  'accept-encoding' => 'gzip, deflate, br',
  'accept-language' => 'zh-CN,zh;q=0.8',
)
[ info ] [ PARAM ] array (
)
[ info ] [ RUN ] app\index\controller\IndexController->test[ G:\phpStudy\WWW\thinkphp\tp5\application\index\controller\IndexController.php ]
[ info ] [ LOG ] INIT File
[ error ] [2]Missing argument 1 for think\Controller::assign(), called in G:\phpStudy\WWW\thinkphp\tp5\application\index\controller\IndexController.php on line 13 and defined[G:\phpStudy\WWW\thinkphp\tp5\thinkphp\library\think\Controller.php:136]
---------------------------------------------------------------
[ 2017-11-01T08:37:29+08:00 ] 0.0.0.0 127.0.0.1 GET /index/index/test
[ info ] 127.0.0.1:86/index/index/test [运行时间：0.077729s][吞吐率：12.87req/s] [内存消耗：1,494.01kb] [文件加载：47]
[ info ] [ LANG ] G:\phpStudy\WWW\thinkphp\tp5\thinkphp\lang\zh-cn.php
[ info ] [ ROUTE ] array (
  'type' => 'module',
  'module' => 
  array (
    0 => 'index',
    1 => 'index',
    2 => 'test',
  ),
)
[ info ] [ HEADER ] array (
  'host' => '127.0.0.1:86',
  'connection' => 'keep-alive',
  'cache-control' => 'max-age=0',
  'user-agent' => 'Mozilla/5.0 (Windows NT 6.3; WOW64) AppleWebKit/537.36 (KHTML, like Gecko) Chrome/61.0.3163.91 Safari/537.36',
  'upgrade-insecure-requests' => '1',
  'accept' => 'text/html,application/xhtml+xml,application/xml;q=0.9,image/webp,image/apng,*/*;q=0.8',
  'accept-encoding' => 'gzip, deflate, br',
  'accept-language' => 'zh-CN,zh;q=0.8',
)
[ info ] [ PARAM ] array (
)
[ info ] [ RUN ] app\index\controller\IndexController->test[ G:\phpStudy\WWW\thinkphp\tp5\application\index\controller\IndexController.php ]
[ info ] [ LOG ] INIT File
---------------------------------------------------------------
[ 2017-11-01T08:37:30+08:00 ] 0.0.0.0 127.0.0.1 GET /index/index/test
[ info ] 127.0.0.1:86/index/index/test [运行时间：0.054745s][吞吐率：18.27req/s] [内存消耗：1,384.09kb] [文件加载：45]
[ info ] [ LANG ] G:\phpStudy\WWW\thinkphp\tp5\thinkphp\lang\zh-cn.php
[ info ] [ ROUTE ] array (
  'type' => 'module',
  'module' => 
  array (
    0 => 'index',
    1 => 'index',
    2 => 'test',
  ),
)
[ info ] [ HEADER ] array (
  'host' => '127.0.0.1:86',
  'connection' => 'keep-alive',
  'cache-control' => 'max-age=0',
  'user-agent' => 'Mozilla/5.0 (Windows NT 6.3; WOW64) AppleWebKit/537.36 (KHTML, like Gecko) Chrome/61.0.3163.91 Safari/537.36',
  'upgrade-insecure-requests' => '1',
  'accept' => 'text/html,application/xhtml+xml,application/xml;q=0.9,image/webp,image/apng,*/*;q=0.8',
  'accept-encoding' => 'gzip, deflate, br',
  'accept-language' => 'zh-CN,zh;q=0.8',
)
[ info ] [ PARAM ] array (
)
[ info ] [ RUN ] app\index\controller\IndexController->test[ G:\phpStudy\WWW\thinkphp\tp5\application\index\controller\IndexController.php ]
[ info ] [ LOG ] INIT File
---------------------------------------------------------------
[ 2017-11-01T08:50:17+08:00 ] 0.0.0.0 127.0.0.1 GET /index/index/test
[ info ] 127.0.0.1:86/index/index/test [运行时间：0.029277s][吞吐率：34.16req/s] [内存消耗：1,383.27kb] [文件加载：44]
[ info ] [ LANG ] G:\phpStudy\WWW\thinkphp\tp5\thinkphp\lang\zh-cn.php
[ info ] [ ROUTE ] array (
  'type' => 'module',
  'module' => 
  array (
    0 => 'index',
    1 => 'index',
    2 => 'test',
  ),
)
[ info ] [ HEADER ] array (
  'host' => '127.0.0.1:86',
  'connection' => 'keep-alive',
  'cache-control' => 'max-age=0',
  'user-agent' => 'Mozilla/5.0 (Windows NT 6.3; WOW64) AppleWebKit/537.36 (KHTML, like Gecko) Chrome/61.0.3163.91 Safari/537.36',
  'upgrade-insecure-requests' => '1',
  'accept' => 'text/html,application/xhtml+xml,application/xml;q=0.9,image/webp,image/apng,*/*;q=0.8',
  'accept-encoding' => 'gzip, deflate, br',
  'accept-language' => 'zh-CN,zh;q=0.8',
)
[ info ] [ PARAM ] array (
)
[ info ] [ RUN ] app\index\controller\IndexController->test[ G:\phpStudy\WWW\thinkphp\tp5\application\index\controller\IndexController.php ]
[ info ] [ LOG ] INIT File
---------------------------------------------------------------
[ 2017-11-01T08:50:19+08:00 ] 0.0.0.0 127.0.0.1 GET /index/index/test
[ info ] 127.0.0.1:86/index/index/test [运行时间：0.021148s][吞吐率：47.29req/s] [内存消耗：1,383.27kb] [文件加载：44]
[ info ] [ LANG ] G:\phpStudy\WWW\thinkphp\tp5\thinkphp\lang\zh-cn.php
[ info ] [ ROUTE ] array (
  'type' => 'module',
  'module' => 
  array (
    0 => 'index',
    1 => 'index',
    2 => 'test',
  ),
)
[ info ] [ HEADER ] array (
  'host' => '127.0.0.1:86',
  'connection' => 'keep-alive',
  'cache-control' => 'max-age=0',
  'user-agent' => 'Mozilla/5.0 (Windows NT 6.3; WOW64) AppleWebKit/537.36 (KHTML, like Gecko) Chrome/61.0.3163.91 Safari/537.36',
  'upgrade-insecure-requests' => '1',
  'accept' => 'text/html,application/xhtml+xml,application/xml;q=0.9,image/webp,image/apng,*/*;q=0.8',
  'accept-encoding' => 'gzip, deflate, br',
  'accept-language' => 'zh-CN,zh;q=0.8',
)
[ info ] [ PARAM ] array (
)
[ info ] [ RUN ] app\index\controller\IndexController->test[ G:\phpStudy\WWW\thinkphp\tp5\application\index\controller\IndexController.php ]
[ info ] [ LOG ] INIT File
---------------------------------------------------------------
[ 2017-11-01T08:50:38+08:00 ] 0.0.0.0 127.0.0.1 GET /index/index/test
[ info ] 127.0.0.1:86/index/index/test [运行时间：0.022034s][吞吐率：45.38req/s] [内存消耗：1,383.27kb] [文件加载：44]
[ info ] [ LANG ] G:\phpStudy\WWW\thinkphp\tp5\thinkphp\lang\zh-cn.php
[ info ] [ ROUTE ] array (
  'type' => 'module',
  'module' => 
  array (
    0 => 'index',
    1 => 'index',
    2 => 'test',
  ),
)
[ info ] [ HEADER ] array (
  'host' => '127.0.0.1:86',
  'connection' => 'keep-alive',
  'cache-control' => 'max-age=0',
  'user-agent' => 'Mozilla/5.0 (Windows NT 6.3; WOW64) AppleWebKit/537.36 (KHTML, like Gecko) Chrome/61.0.3163.91 Safari/537.36',
  'upgrade-insecure-requests' => '1',
  'accept' => 'text/html,application/xhtml+xml,application/xml;q=0.9,image/webp,image/apng,*/*;q=0.8',
  'accept-encoding' => 'gzip, deflate, br',
  'accept-language' => 'zh-CN,zh;q=0.8',
)
[ info ] [ PARAM ] array (
)
[ info ] [ RUN ] app\index\controller\IndexController->test[ G:\phpStudy\WWW\thinkphp\tp5\application\index\controller\IndexController.php ]
[ info ] [ LOG ] INIT File
---------------------------------------------------------------
[ 2017-11-01T08:52:47+08:00 ] 0.0.0.0 127.0.0.1 GET /index/index/test
[ info ] 127.0.0.1:86/index/index/test [运行时间：0.074426s][吞吐率：13.44req/s] [内存消耗：1,531.17kb] [文件加载：51]
[ info ] [ LANG ] G:\phpStudy\WWW\thinkphp\tp5\thinkphp\lang\zh-cn.php
[ info ] [ ROUTE ] array (
  'type' => 'module',
  'module' => 
  array (
    0 => 'index',
    1 => 'index',
    2 => 'test',
  ),
)
[ info ] [ HEADER ] array (
  'host' => '127.0.0.1:86',
  'connection' => 'keep-alive',
  'cache-control' => 'max-age=0',
  'user-agent' => 'Mozilla/5.0 (Windows NT 6.3; WOW64) AppleWebKit/537.36 (KHTML, like Gecko) Chrome/61.0.3163.91 Safari/537.36',
  'upgrade-insecure-requests' => '1',
  'accept' => 'text/html,application/xhtml+xml,application/xml;q=0.9,image/webp,image/apng,*/*;q=0.8',
  'accept-encoding' => 'gzip, deflate, br',
  'accept-language' => 'zh-CN,zh;q=0.8',
)
[ info ] [ PARAM ] array (
)
[ info ] [ RUN ] app\index\controller\IndexController->test[ G:\phpStudy\WWW\thinkphp\tp5\application\index\controller\IndexController.php ]
[ info ] [ VIEW ] G:\phpStudy\WWW\thinkphp\tp5\public/../application/index\view\index\test.html [ array (
) ]
[ info ] [ LOG ] INIT File
[ error ] [8]未定义变量: name[G:\phpStudy\WWW\thinkphp\tp5\runtime\temp\747f482a102fa533b4f62ddc3289f42d.php:16]
---------------------------------------------------------------
[ 2017-11-01T08:53:28+08:00 ] 0.0.0.0 127.0.0.1 GET /index/index/test
[ info ] 127.0.0.1:86/index/index/test [运行时间：0.031845s][吞吐率：31.40req/s] [内存消耗：1,531.37kb] [文件加载：51]
[ info ] [ LANG ] G:\phpStudy\WWW\thinkphp\tp5\thinkphp\lang\zh-cn.php
[ info ] [ ROUTE ] array (
  'type' => 'module',
  'module' => 
  array (
    0 => 'index',
    1 => 'index',
    2 => 'test',
  ),
)
[ info ] [ HEADER ] array (
  'host' => '127.0.0.1:86',
  'connection' => 'keep-alive',
  'cache-control' => 'max-age=0',
  'user-agent' => 'Mozilla/5.0 (Windows NT 6.3; WOW64) AppleWebKit/537.36 (KHTML, like Gecko) Chrome/61.0.3163.91 Safari/537.36',
  'upgrade-insecure-requests' => '1',
  'accept' => 'text/html,application/xhtml+xml,application/xml;q=0.9,image/webp,image/apng,*/*;q=0.8',
  'accept-encoding' => 'gzip, deflate, br',
  'accept-language' => 'zh-CN,zh;q=0.8',
)
[ info ] [ PARAM ] array (
)
[ info ] [ RUN ] app\index\controller\IndexController->test[ G:\phpStudy\WWW\thinkphp\tp5\application\index\controller\IndexController.php ]
[ info ] [ VIEW ] G:\phpStudy\WWW\thinkphp\tp5\public/../application/index\view\index\test.html [ array (
) ]
[ info ] [ LOG ] INIT File
[ error ] [8]未定义变量: name[G:\phpStudy\WWW\thinkphp\tp5\runtime\temp\747f482a102fa533b4f62ddc3289f42d.php:17]
---------------------------------------------------------------
[ 2017-11-01T08:53:47+08:00 ] 0.0.0.0 127.0.0.1 GET /index/index/test
[ info ] 127.0.0.1:86/index/index/test [运行时间：0.032527s][吞吐率：30.74req/s] [内存消耗：1,531.37kb] [文件加载：51]
[ info ] [ LANG ] G:\phpStudy\WWW\thinkphp\tp5\thinkphp\lang\zh-cn.php
[ info ] [ ROUTE ] array (
  'type' => 'module',
  'module' => 
  array (
    0 => 'index',
    1 => 'index',
    2 => 'test',
  ),
)
[ info ] [ HEADER ] array (
  'host' => '127.0.0.1:86',
  'connection' => 'keep-alive',
  'cache-control' => 'max-age=0',
  'user-agent' => 'Mozilla/5.0 (Windows NT 6.3; WOW64) AppleWebKit/537.36 (KHTML, like Gecko) Chrome/61.0.3163.91 Safari/537.36',
  'upgrade-insecure-requests' => '1',
  'accept' => 'text/html,application/xhtml+xml,application/xml;q=0.9,image/webp,image/apng,*/*;q=0.8',
  'accept-encoding' => 'gzip, deflate, br',
  'accept-language' => 'zh-CN,zh;q=0.8',
)
[ info ] [ PARAM ] array (
)
[ info ] [ RUN ] app\index\controller\IndexController->test[ G:\phpStudy\WWW\thinkphp\tp5\application\index\controller\IndexController.php ]
[ info ] [ VIEW ] G:\phpStudy\WWW\thinkphp\tp5\public/../application/index\view\index\test.html [ array (
) ]
[ info ] [ LOG ] INIT File
[ error ] [8]未定义变量: name[G:\phpStudy\WWW\thinkphp\tp5\runtime\temp\747f482a102fa533b4f62ddc3289f42d.php:17]
---------------------------------------------------------------
[ 2017-11-01T08:54:34+08:00 ] 0.0.0.0 127.0.0.1 GET /index/index/test
[ info ] 127.0.0.1:86/index/index/test [运行时间：0.031648s][吞吐率：31.60req/s] [内存消耗：1,531.17kb] [文件加载：51]
[ info ] [ LANG ] G:\phpStudy\WWW\thinkphp\tp5\thinkphp\lang\zh-cn.php
[ info ] [ ROUTE ] array (
  'type' => 'module',
  'module' => 
  array (
    0 => 'index',
    1 => 'index',
    2 => 'test',
  ),
)
[ info ] [ HEADER ] array (
  'host' => '127.0.0.1:86',
  'connection' => 'keep-alive',
  'cache-control' => 'max-age=0',
  'user-agent' => 'Mozilla/5.0 (Windows NT 6.3; WOW64) AppleWebKit/537.36 (KHTML, like Gecko) Chrome/61.0.3163.91 Safari/537.36',
  'upgrade-insecure-requests' => '1',
  'accept' => 'text/html,application/xhtml+xml,application/xml;q=0.9,image/webp,image/apng,*/*;q=0.8',
  'accept-encoding' => 'gzip, deflate, br',
  'accept-language' => 'zh-CN,zh;q=0.8',
)
[ info ] [ PARAM ] array (
)
[ info ] [ RUN ] app\index\controller\IndexController->test[ G:\phpStudy\WWW\thinkphp\tp5\application\index\controller\IndexController.php ]
[ info ] [ VIEW ] G:\phpStudy\WWW\thinkphp\tp5\public/../application/index\view\index\test.html [ array (
) ]
[ info ] [ LOG ] INIT File
[ error ] [8]未定义变量: name[G:\phpStudy\WWW\thinkphp\tp5\runtime\temp\747f482a102fa533b4f62ddc3289f42d.php:17]
---------------------------------------------------------------
[ 2017-11-01T08:55:17+08:00 ] 0.0.0.0 127.0.0.1 GET /index/index/test
[ info ] 127.0.0.1:86/index/index/test [运行时间：0.025380s][吞吐率：39.40req/s] [内存消耗：1,383.37kb] [文件加载：44]
[ info ] [ LANG ] G:\phpStudy\WWW\thinkphp\tp5\thinkphp\lang\zh-cn.php
[ info ] [ ROUTE ] array (
  'type' => 'module',
  'module' => 
  array (
    0 => 'index',
    1 => 'index',
    2 => 'test',
  ),
)
[ info ] [ HEADER ] array (
  'host' => '127.0.0.1:86',
  'connection' => 'keep-alive',
  'cache-control' => 'max-age=0',
  'user-agent' => 'Mozilla/5.0 (Windows NT 6.3; WOW64) AppleWebKit/537.36 (KHTML, like Gecko) Chrome/61.0.3163.91 Safari/537.36',
  'upgrade-insecure-requests' => '1',
  'accept' => 'text/html,application/xhtml+xml,application/xml;q=0.9,image/webp,image/apng,*/*;q=0.8',
  'accept-encoding' => 'gzip, deflate, br',
  'accept-language' => 'zh-CN,zh;q=0.8',
)
[ info ] [ PARAM ] array (
)
[ info ] [ RUN ] app\index\controller\IndexController->test[ G:\phpStudy\WWW\thinkphp\tp5\application\index\controller\IndexController.php ]
[ info ] [ LOG ] INIT File
---------------------------------------------------------------
[ 2017-11-01T09:00:28+08:00 ] 0.0.0.0 127.0.0.1 GET /index/index/test
[ info ] 127.0.0.1:86/index/index/test [运行时间：0.031980s][吞吐率：31.27req/s] [内存消耗：1,531.13kb] [文件加载：51]
[ info ] [ LANG ] G:\phpStudy\WWW\thinkphp\tp5\thinkphp\lang\zh-cn.php
[ info ] [ ROUTE ] array (
  'type' => 'module',
  'module' => 
  array (
    0 => 'index',
    1 => 'index',
    2 => 'test',
  ),
)
[ info ] [ HEADER ] array (
  'host' => '127.0.0.1:86',
  'connection' => 'keep-alive',
  'cache-control' => 'max-age=0',
  'user-agent' => 'Mozilla/5.0 (Windows NT 6.3; WOW64) AppleWebKit/537.36 (KHTML, like Gecko) Chrome/61.0.3163.91 Safari/537.36',
  'upgrade-insecure-requests' => '1',
  'accept' => 'text/html,application/xhtml+xml,application/xml;q=0.9,image/webp,image/apng,*/*;q=0.8',
  'accept-encoding' => 'gzip, deflate, br',
  'accept-language' => 'zh-CN,zh;q=0.8',
)
[ info ] [ PARAM ] array (
)
[ info ] [ RUN ] app\index\controller\IndexController->test[ G:\phpStudy\WWW\thinkphp\tp5\application\index\controller\IndexController.php ]
[ info ] [ VIEW ] G:\phpStudy\WWW\thinkphp\tp5\public/../application/index\view\index\test.html [ array (
) ]
[ info ] [ LOG ] INIT File
[ error ] [8]未定义变量: name[G:\phpStudy\WWW\thinkphp\tp5\runtime\temp\747f482a102fa533b4f62ddc3289f42d.php:17]
---------------------------------------------------------------
[ 2017-11-01T09:45:36+08:00 ] 0.0.0.0 127.0.0.1 GET /index/index/test
[ info ] 127.0.0.1:86/index/index/test [运行时间：0.080544s][吞吐率：12.42req/s] [内存消耗：1,422.28kb] [文件加载：48]
[ info ] [ LANG ] G:\phpStudy\WWW\thinkphp\tp5\thinkphp\lang\zh-cn.php
[ info ] [ ROUTE ] array (
  'type' => 'module',
  'module' => 
  array (
    0 => 'index',
    1 => 'index',
    2 => 'test',
  ),
)
[ info ] [ HEADER ] array (
  'host' => '127.0.0.1:86',
  'connection' => 'keep-alive',
  'cache-control' => 'max-age=0',
  'user-agent' => 'Mozilla/5.0 (Windows NT 6.3; WOW64) AppleWebKit/537.36 (KHTML, like Gecko) Chrome/61.0.3163.91 Safari/537.36',
  'upgrade-insecure-requests' => '1',
  'accept' => 'text/html,application/xhtml+xml,application/xml;q=0.9,image/webp,image/apng,*/*;q=0.8',
  'accept-encoding' => 'gzip, deflate, br',
  'accept-language' => 'zh-CN,zh;q=0.8',
)
[ info ] [ PARAM ] array (
)
[ info ] [ RUN ] app\index\controller\IndexController->test[ G:\phpStudy\WWW\thinkphp\tp5\application\index\controller\IndexController.php ]
[ info ] [ SESSION ] INIT array (
  'id' => '',
  'var_session_id' => '',
  'prefix' => 'think',
  'type' => '\\driver\\session\\Db',
  'auto_start' => true,
)
[ info ] [ LOG ] INIT File
[ error ] [0]致命错误: Class 'Think\Db' not found[G:\phpStudy\WWW\thinkphp\tp5\application\extend\driver\session\Db.php:16]
---------------------------------------------------------------
[ 2017-11-01T09:47:53+08:00 ] 0.0.0.0 127.0.0.1 GET /index/index/test
[ info ] 127.0.0.1:86/index/index/test [运行时间：0.032258s][吞吐率：31.00req/s] [内存消耗：1,460.38kb] [文件加载：48]
[ info ] [ LANG ] G:\phpStudy\WWW\thinkphp\tp5\thinkphp\lang\zh-cn.php
[ info ] [ ROUTE ] array (
  'type' => 'module',
  'module' => 
  array (
    0 => 'index',
    1 => 'index',
    2 => 'test',
  ),
)
[ info ] [ HEADER ] array (
  'host' => '127.0.0.1:86',
  'connection' => 'keep-alive',
  'cache-control' => 'max-age=0',
  'user-agent' => 'Mozilla/5.0 (Windows NT 6.3; WOW64) AppleWebKit/537.36 (KHTML, like Gecko) Chrome/61.0.3163.91 Safari/537.36',
  'upgrade-insecure-requests' => '1',
  'accept' => 'text/html,application/xhtml+xml,application/xml;q=0.9,image/webp,image/apng,*/*;q=0.8',
  'accept-encoding' => 'gzip, deflate, br',
  'accept-language' => 'zh-CN,zh;q=0.8',
)
[ info ] [ PARAM ] array (
)
[ info ] [ RUN ] app\index\controller\IndexController->test[ G:\phpStudy\WWW\thinkphp\tp5\application\index\controller\IndexController.php ]
[ info ] [ SESSION ] INIT array (
  'id' => '',
  'var_session_id' => '',
  'prefix' => 'think',
  'type' => '\\driver\\session\\Db',
  'auto_start' => true,
)
[ info ] [ LOG ] INIT File
[ error ] [64]Cannot declare class driver\session\Db because the name is already in use[G:\phpStudy\WWW\thinkphp\tp5\application\extend\driver\session\Db.php:11]
---------------------------------------------------------------
[ 2017-11-01T09:50:03+08:00 ] 0.0.0.0 127.0.0.1 GET /index/index/test
[ info ] 127.0.0.1:86/index/index/test [运行时间：0.034612s][吞吐率：28.89req/s] [内存消耗：1,422.33kb] [文件加载：48]
[ info ] [ LANG ] G:\phpStudy\WWW\thinkphp\tp5\thinkphp\lang\zh-cn.php
[ info ] [ ROUTE ] array (
  'type' => 'module',
  'module' => 
  array (
    0 => 'index',
    1 => 'index',
    2 => 'test',
  ),
)
[ info ] [ HEADER ] array (
  'host' => '127.0.0.1:86',
  'connection' => 'keep-alive',
  'cache-control' => 'max-age=0',
  'user-agent' => 'Mozilla/5.0 (Windows NT 6.3; WOW64) AppleWebKit/537.36 (KHTML, like Gecko) Chrome/61.0.3163.91 Safari/537.36',
  'upgrade-insecure-requests' => '1',
  'accept' => 'text/html,application/xhtml+xml,application/xml;q=0.9,image/webp,image/apng,*/*;q=0.8',
  'accept-encoding' => 'gzip, deflate, br',
  'accept-language' => 'zh-CN,zh;q=0.8',
)
[ info ] [ PARAM ] array (
)
[ info ] [ RUN ] app\index\controller\IndexController->test[ G:\phpStudy\WWW\thinkphp\tp5\application\index\controller\IndexController.php ]
[ info ] [ SESSION ] INIT array (
  'id' => '',
  'var_session_id' => '',
  'prefix' => 'think',
  'type' => '\\driver\\session\\Db',
  'auto_start' => true,
)
[ info ] [ LOG ] INIT File
[ error ] [0]致命错误: Class 'Think\Cache\Driver\Db' not found[G:\phpStudy\WWW\thinkphp\tp5\application\extend\driver\session\Db.php:16]
---------------------------------------------------------------
[ 2017-11-01T09:50:15+08:00 ] 0.0.0.0 127.0.0.1 GET /index/index/test
[ info ] 127.0.0.1:86/index/index/test [运行时间：0.025379s][吞吐率：39.40req/s] [内存消耗：1,422.28kb] [文件加载：48]
[ info ] [ LANG ] G:\phpStudy\WWW\thinkphp\tp5\thinkphp\lang\zh-cn.php
[ info ] [ ROUTE ] array (
  'type' => 'module',
  'module' => 
  array (
    0 => 'index',
    1 => 'index',
    2 => 'test',
  ),
)
[ info ] [ HEADER ] array (
  'host' => '127.0.0.1:86',
  'connection' => 'keep-alive',
  'cache-control' => 'max-age=0',
  'user-agent' => 'Mozilla/5.0 (Windows NT 6.3; WOW64) AppleWebKit/537.36 (KHTML, like Gecko) Chrome/61.0.3163.91 Safari/537.36',
  'upgrade-insecure-requests' => '1',
  'accept' => 'text/html,application/xhtml+xml,application/xml;q=0.9,image/webp,image/apng,*/*;q=0.8',
  'accept-encoding' => 'gzip, deflate, br',
  'accept-language' => 'zh-CN,zh;q=0.8',
)
[ info ] [ PARAM ] array (
)
[ info ] [ RUN ] app\index\controller\IndexController->test[ G:\phpStudy\WWW\thinkphp\tp5\application\index\controller\IndexController.php ]
[ info ] [ SESSION ] INIT array (
  'id' => '',
  'var_session_id' => '',
  'prefix' => 'think',
  'type' => '\\driver\\session\\Db',
  'auto_start' => true,
)
[ info ] [ LOG ] INIT File
[ error ] [0]致命错误: Class 'Think\Db' not found[G:\phpStudy\WWW\thinkphp\tp5\application\extend\driver\session\Db.php:16]
---------------------------------------------------------------
[ 2017-11-01T09:51:53+08:00 ] 0.0.0.0 127.0.0.1 GET /index/index/test
[ info ] 127.0.0.1:86/index/index/test [运行时间：0.071620s][吞吐率：13.96req/s] [内存消耗：1,419.73kb] [文件加载：48]
[ info ] [ LANG ] G:\phpStudy\WWW\thinkphp\tp5\thinkphp\lang\zh-cn.php
[ info ] [ ROUTE ] array (
  'type' => 'module',
  'module' => 
  array (
    0 => 'index',
    1 => 'index',
    2 => 'test',
  ),
)
[ info ] [ HEADER ] array (
  'host' => '127.0.0.1:86',
  'connection' => 'keep-alive',
  'cache-control' => 'max-age=0',
  'user-agent' => 'Mozilla/5.0 (Windows NT 6.3; WOW64) AppleWebKit/537.36 (KHTML, like Gecko) Chrome/61.0.3163.91 Safari/537.36',
  'upgrade-insecure-requests' => '1',
  'accept' => 'text/html,application/xhtml+xml,application/xml;q=0.9,image/webp,image/apng,*/*;q=0.8',
  'accept-encoding' => 'gzip, deflate, br',
  'accept-language' => 'zh-CN,zh;q=0.8',
)
[ info ] [ PARAM ] array (
)
[ info ] [ RUN ] app\index\controller\IndexController->test[ G:\phpStudy\WWW\thinkphp\tp5\application\index\controller\IndexController.php ]
[ info ] [ SESSION ] INIT array (
  'id' => '',
  'var_session_id' => '',
  'prefix' => 'think',
  'type' => '\\driver\\session\\Db',
  'auto_start' => true,
)
[ info ] [ LOG ] INIT File
[ error ] [0]错误的SESSION处理器类:\driver\session\Db[G:\phpStudy\WWW\thinkphp\tp5\thinkphp\library\think\Session.php:102]
---------------------------------------------------------------
[ 2017-11-01T09:52:17+08:00 ] 0.0.0.0 127.0.0.1 GET /index/index/test
[ info ] 127.0.0.1:86/index/index/test [运行时间：0.030751s][吞吐率：32.52req/s] [内存消耗：1,416.38kb] [文件加载：47]
[ info ] [ LANG ] G:\phpStudy\WWW\thinkphp\tp5\thinkphp\lang\zh-cn.php
[ info ] [ ROUTE ] array (
  'type' => 'module',
  'module' => 
  array (
    0 => 'index',
    1 => 'index',
    2 => 'test',
  ),
)
[ info ] [ HEADER ] array (
  'host' => '127.0.0.1:86',
  'connection' => 'keep-alive',
  'cache-control' => 'max-age=0',
  'user-agent' => 'Mozilla/5.0 (Windows NT 6.3; WOW64) AppleWebKit/537.36 (KHTML, like Gecko) Chrome/61.0.3163.91 Safari/537.36',
  'upgrade-insecure-requests' => '1',
  'accept' => 'text/html,application/xhtml+xml,application/xml;q=0.9,image/webp,image/apng,*/*;q=0.8',
  'accept-encoding' => 'gzip, deflate, br',
  'accept-language' => 'zh-CN,zh;q=0.8',
)
[ info ] [ PARAM ] array (
)
[ info ] [ RUN ] app\index\controller\IndexController->test[ G:\phpStudy\WWW\thinkphp\tp5\application\index\controller\IndexController.php ]
[ info ] [ SESSION ] INIT array (
  'id' => '',
  'var_session_id' => '',
  'prefix' => 'think',
  'type' => '\\driver\\session\\Db',
  'auto_start' => true,
)
[ info ] [ LOG ] INIT File
[ error ] [0]错误的SESSION处理器类:\driver\session\Db[G:\phpStudy\WWW\thinkphp\tp5\thinkphp\library\think\Session.php:102]
---------------------------------------------------------------
[ 2017-11-01T09:52:46+08:00 ] 0.0.0.0 127.0.0.1 GET /index/index/test
[ info ] 127.0.0.1:86/index/index/test [运行时间：0.026046s][吞吐率：38.39req/s] [内存消耗：1,416.34kb] [文件加载：47]
[ info ] [ LANG ] G:\phpStudy\WWW\thinkphp\tp5\thinkphp\lang\zh-cn.php
[ info ] [ ROUTE ] array (
  'type' => 'module',
  'module' => 
  array (
    0 => 'index',
    1 => 'index',
    2 => 'test',
  ),
)
[ info ] [ HEADER ] array (
  'host' => '127.0.0.1:86',
  'connection' => 'keep-alive',
  'cache-control' => 'max-age=0',
  'user-agent' => 'Mozilla/5.0 (Windows NT 6.3; WOW64) AppleWebKit/537.36 (KHTML, like Gecko) Chrome/61.0.3163.91 Safari/537.36',
  'upgrade-insecure-requests' => '1',
  'accept' => 'text/html,application/xhtml+xml,application/xml;q=0.9,image/webp,image/apng,*/*;q=0.8',
  'accept-encoding' => 'gzip, deflate, br',
  'accept-language' => 'zh-CN,zh;q=0.8',
)
[ info ] [ PARAM ] array (
)
[ info ] [ RUN ] app\index\controller\IndexController->test[ G:\phpStudy\WWW\thinkphp\tp5\application\index\controller\IndexController.php ]
[ info ] [ SESSION ] INIT array (
  'id' => '',
  'var_session_id' => '',
  'prefix' => 'think',
  'type' => '\\driver\\session\\Db1.php',
  'auto_start' => true,
)
[ info ] [ LOG ] INIT File
[ error ] [0]错误的SESSION处理器类:\driver\session\Db1.php[G:\phpStudy\WWW\thinkphp\tp5\thinkphp\library\think\Session.php:102]
---------------------------------------------------------------
[ 2017-11-01T09:52:53+08:00 ] 0.0.0.0 127.0.0.1 GET /index/index/test
[ info ] 127.0.0.1:86/index/index/test [运行时间：0.026524s][吞吐率：37.70req/s] [内存消耗：1,422.30kb] [文件加载：48]
[ info ] [ LANG ] G:\phpStudy\WWW\thinkphp\tp5\thinkphp\lang\zh-cn.php
[ info ] [ ROUTE ] array (
  'type' => 'module',
  'module' => 
  array (
    0 => 'index',
    1 => 'index',
    2 => 'test',
  ),
)
[ info ] [ HEADER ] array (
  'host' => '127.0.0.1:86',
  'connection' => 'keep-alive',
  'cache-control' => 'max-age=0',
  'user-agent' => 'Mozilla/5.0 (Windows NT 6.3; WOW64) AppleWebKit/537.36 (KHTML, like Gecko) Chrome/61.0.3163.91 Safari/537.36',
  'upgrade-insecure-requests' => '1',
  'accept' => 'text/html,application/xhtml+xml,application/xml;q=0.9,image/webp,image/apng,*/*;q=0.8',
  'accept-encoding' => 'gzip, deflate, br',
  'accept-language' => 'zh-CN,zh;q=0.8',
)
[ info ] [ PARAM ] array (
)
[ info ] [ RUN ] app\index\controller\IndexController->test[ G:\phpStudy\WWW\thinkphp\tp5\application\index\controller\IndexController.php ]
[ info ] [ SESSION ] INIT array (
  'id' => '',
  'var_session_id' => '',
  'prefix' => 'think',
  'type' => '\\driver\\session\\Db1',
  'auto_start' => true,
)
[ info ] [ LOG ] INIT File
[ error ] [0]致命错误: Class 'Think\Db' not found[G:\phpStudy\WWW\thinkphp\tp5\application\extend\driver\session\Db1.php:16]
---------------------------------------------------------------
[ 2017-11-01T09:54:49+08:00 ] 0.0.0.0 127.0.0.1 GET /index/index/test
[ info ] 127.0.0.1:86/index/index/test [运行时间：0.034160s][吞吐率：29.27req/s] [内存消耗：1,422.30kb] [文件加载：48]
[ info ] [ LANG ] G:\phpStudy\WWW\thinkphp\tp5\thinkphp\lang\zh-cn.php
[ info ] [ ROUTE ] array (
  'type' => 'module',
  'module' => 
  array (
    0 => 'index',
    1 => 'index',
    2 => 'test',
  ),
)
[ info ] [ HEADER ] array (
  'host' => '127.0.0.1:86',
  'connection' => 'keep-alive',
  'cache-control' => 'max-age=0',
  'user-agent' => 'Mozilla/5.0 (Windows NT 6.3; WOW64) AppleWebKit/537.36 (KHTML, like Gecko) Chrome/61.0.3163.91 Safari/537.36',
  'upgrade-insecure-requests' => '1',
  'accept' => 'text/html,application/xhtml+xml,application/xml;q=0.9,image/webp,image/apng,*/*;q=0.8',
  'accept-encoding' => 'gzip, deflate, br',
  'accept-language' => 'zh-CN,zh;q=0.8',
)
[ info ] [ PARAM ] array (
)
[ info ] [ RUN ] app\index\controller\IndexController->test[ G:\phpStudy\WWW\thinkphp\tp5\application\index\controller\IndexController.php ]
[ info ] [ SESSION ] INIT array (
  'id' => '',
  'var_session_id' => '',
  'prefix' => 'think',
  'type' => '\\driver\\session\\Db1',
  'auto_start' => true,
)
[ info ] [ LOG ] INIT File
[ error ] [0]致命错误: Class 'Think\Db' not found[G:\phpStudy\WWW\thinkphp\tp5\application\extend\driver\session\Db1.php:16]
---------------------------------------------------------------
[ 2017-11-01T09:55:15+08:00 ] 0.0.0.0 127.0.0.1 GET /index/index/test
[ info ] 127.0.0.1:86/index/index/test [运行时间：0.088842s][吞吐率：11.26req/s] [内存消耗：1,962.73kb] [文件加载：52]
[ info ] [ LANG ] G:\phpStudy\WWW\thinkphp\tp5\thinkphp\lang\zh-cn.php
[ info ] [ ROUTE ] array (
  'type' => 'module',
  'module' => 
  array (
    0 => 'index',
    1 => 'index',
    2 => 'test',
  ),
)
[ info ] [ HEADER ] array (
  'host' => '127.0.0.1:86',
  'connection' => 'keep-alive',
  'cache-control' => 'max-age=0',
  'user-agent' => 'Mozilla/5.0 (Windows NT 6.3; WOW64) AppleWebKit/537.36 (KHTML, like Gecko) Chrome/61.0.3163.91 Safari/537.36',
  'upgrade-insecure-requests' => '1',
  'accept' => 'text/html,application/xhtml+xml,application/xml;q=0.9,image/webp,image/apng,*/*;q=0.8',
  'accept-encoding' => 'gzip, deflate, br',
  'accept-language' => 'zh-CN,zh;q=0.8',
)
[ info ] [ PARAM ] array (
)
[ info ] [ RUN ] app\index\controller\IndexController->test[ G:\phpStudy\WWW\thinkphp\tp5\application\index\controller\IndexController.php ]
[ info ] [ SESSION ] INIT array (
  'id' => '',
  'var_session_id' => '',
  'prefix' => 'think',
  'type' => '\\driver\\session\\Db1',
  'auto_start' => true,
)
[ info ] [ DB ] INIT mysql
[ info ] [ LOG ] INIT File
[ sql ] [ DB ] CONNECT:[ UseTime:0.002075s ] mysql:host=127.0.0.1;dbname=tp5;charset=utf8
[ sql ] [ SQL ] SHOW COLUMNS FROM `think_session` [ RunTime:0.007744s ]
[ sql ] [ SQL ] SELECT * FROM `think_session` WHERE  `session_id` = '79dinho7r4dubfal1ils7k09h2' LIMIT 1 [ RunTime:0.000425s ]
---------------------------------------------------------------
[ 2017-11-01T09:57:03+08:00 ] 0.0.0.0 127.0.0.1 GET /index/index/test
[ info ] 127.0.0.1:86/index/index/test [运行时间：0.042931s][吞吐率：23.29req/s] [内存消耗：1,963.06kb] [文件加载：52]
[ info ] [ LANG ] G:\phpStudy\WWW\thinkphp\tp5\thinkphp\lang\zh-cn.php
[ info ] [ ROUTE ] array (
  'type' => 'module',
  'module' => 
  array (
    0 => 'index',
    1 => 'index',
    2 => 'test',
  ),
)
[ info ] [ HEADER ] array (
  'host' => '127.0.0.1:86',
  'connection' => 'keep-alive',
  'cache-control' => 'max-age=0',
  'user-agent' => 'Mozilla/5.0 (Windows NT 6.3; WOW64) AppleWebKit/537.36 (KHTML, like Gecko) Chrome/61.0.3163.91 Safari/537.36',
  'upgrade-insecure-requests' => '1',
  'accept' => 'text/html,application/xhtml+xml,application/xml;q=0.9,image/webp,image/apng,*/*;q=0.8',
  'accept-encoding' => 'gzip, deflate, br',
  'accept-language' => 'zh-CN,zh;q=0.8',
  'cookie' => 'PHPSESSID=79dinho7r4dubfal1ils7k09h2',
)
[ info ] [ PARAM ] array (
)
[ info ] [ RUN ] app\index\controller\IndexController->test[ G:\phpStudy\WWW\thinkphp\tp5\application\index\controller\IndexController.php ]
[ info ] [ SESSION ] INIT array (
  'id' => '',
  'var_session_id' => '',
  'prefix' => 'think',
  'type' => '\\driver\\session\\Db1',
  'auto_start' => true,
)
[ info ] [ DB ] INIT mysql
[ info ] [ LOG ] INIT File
[ sql ] [ DB ] CONNECT:[ UseTime:0.001501s ] mysql:host=127.0.0.1;dbname=tp5;charset=utf8
[ sql ] [ SQL ] SHOW COLUMNS FROM `think_session` [ RunTime:0.006748s ]
[ sql ] [ SQL ] SELECT * FROM `think_session` WHERE  `session_id` = '79dinho7r4dubfal1ils7k09h2' LIMIT 1 [ RunTime:0.000367s ]
---------------------------------------------------------------
[ 2017-11-01T09:57:07+08:00 ] 0.0.0.0 127.0.0.1 GET /index/index/test
[ info ] 127.0.0.1:86/index/index/test [运行时间：0.046960s][吞吐率：21.29req/s] [内存消耗：1,962.66kb] [文件加载：52]
[ info ] [ LANG ] G:\phpStudy\WWW\thinkphp\tp5\thinkphp\lang\zh-cn.php
[ info ] [ ROUTE ] array (
  'type' => 'module',
  'module' => 
  array (
    0 => 'index',
    1 => 'index',
    2 => 'test',
  ),
)
[ info ] [ HEADER ] array (
  'host' => '127.0.0.1:86',
  'connection' => 'keep-alive',
  'user-agent' => 'Mozilla/5.0 (Windows NT 6.3; WOW64) AppleWebKit/537.36 (KHTML, like Gecko) Chrome/61.0.3163.91 Safari/537.36',
  'upgrade-insecure-requests' => '1',
  'accept' => 'text/html,application/xhtml+xml,application/xml;q=0.9,image/webp,image/apng,*/*;q=0.8',
  'accept-encoding' => 'gzip, deflate, br',
  'accept-language' => 'zh-CN,zh;q=0.8',
  'cookie' => 'PHPSESSID=79dinho7r4dubfal1ils7k09h2',
)
[ info ] [ PARAM ] array (
)
[ info ] [ RUN ] app\index\controller\IndexController->test[ G:\phpStudy\WWW\thinkphp\tp5\application\index\controller\IndexController.php ]
[ info ] [ SESSION ] INIT array (
  'id' => '',
  'var_session_id' => '',
  'prefix' => 'think',
  'type' => '\\driver\\session\\Db1',
  'auto_start' => true,
)
[ info ] [ DB ] INIT mysql
[ info ] [ LOG ] INIT File
[ sql ] [ DB ] CONNECT:[ UseTime:0.002065s ] mysql:host=127.0.0.1;dbname=tp5;charset=utf8
[ sql ] [ SQL ] SHOW COLUMNS FROM `think_session` [ RunTime:0.006230s ]
[ sql ] [ SQL ] SELECT * FROM `think_session` WHERE  `session_id` = '79dinho7r4dubfal1ils7k09h2' LIMIT 1 [ RunTime:0.000414s ]
---------------------------------------------------------------
[ 2017-11-01T09:57:39+08:00 ] 0.0.0.0 127.0.0.1 GET /index/index/test
[ info ] 127.0.0.1:86/index/index/test [运行时间：0.039074s][吞吐率：25.59req/s] [内存消耗：1,963.09kb] [文件加载：52]
[ info ] [ LANG ] G:\phpStudy\WWW\thinkphp\tp5\thinkphp\lang\zh-cn.php
[ info ] [ ROUTE ] array (
  'type' => 'module',
  'module' => 
  array (
    0 => 'index',
    1 => 'index',
    2 => 'test',
  ),
)
[ info ] [ HEADER ] array (
  'host' => '127.0.0.1:86',
  'connection' => 'keep-alive',
  'cache-control' => 'max-age=0',
  'user-agent' => 'Mozilla/5.0 (Windows NT 6.3; WOW64) AppleWebKit/537.36 (KHTML, like Gecko) Chrome/61.0.3163.91 Safari/537.36',
  'upgrade-insecure-requests' => '1',
  'accept' => 'text/html,application/xhtml+xml,application/xml;q=0.9,image/webp,image/apng,*/*;q=0.8',
  'accept-encoding' => 'gzip, deflate, br',
  'accept-language' => 'zh-CN,zh;q=0.8',
  'cookie' => 'PHPSESSID=79dinho7r4dubfal1ils7k09h2',
)
[ info ] [ PARAM ] array (
)
[ info ] [ RUN ] app\index\controller\IndexController->test[ G:\phpStudy\WWW\thinkphp\tp5\application\index\controller\IndexController.php ]
[ info ] [ SESSION ] INIT array (
  'id' => '',
  'var_session_id' => '',
  'prefix' => 'think',
  'type' => '\\driver\\session\\Db1',
  'auto_start' => true,
)
[ info ] [ DB ] INIT mysql
[ info ] [ LOG ] INIT File
[ sql ] [ DB ] CONNECT:[ UseTime:0.001363s ] mysql:host=127.0.0.1;dbname=tp5;charset=utf8
[ sql ] [ SQL ] SHOW COLUMNS FROM `think_session` [ RunTime:0.006378s ]
[ sql ] [ SQL ] SELECT * FROM `think_session` WHERE  `session_id` = '79dinho7r4dubfal1ils7k09h2' LIMIT 1 [ RunTime:0.000367s ]
---------------------------------------------------------------
[ 2017-11-01T10:12:59+08:00 ] 0.0.0.0 127.0.0.1 GET /index/index/test
[ info ] 127.0.0.1:86/index/index/test [运行时间：0.038400s][吞吐率：26.04req/s] [内存消耗：2,174.92kb] [文件加载：56]
[ info ] [ LANG ] G:\phpStudy\WWW\thinkphp\tp5\thinkphp\lang\zh-cn.php
[ info ] [ ROUTE ] array (
  'type' => 'module',
  'module' => 
  array (
    0 => 'index',
    1 => 'index',
    2 => 'test',
  ),
)
[ info ] [ HEADER ] array (
  'host' => '127.0.0.1:86',
  'connection' => 'keep-alive',
  'cache-control' => 'max-age=0',
  'user-agent' => 'Mozilla/5.0 (Windows NT 6.3; WOW64) AppleWebKit/537.36 (KHTML, like Gecko) Chrome/61.0.3163.91 Safari/537.36',
  'upgrade-insecure-requests' => '1',
  'accept' => 'text/html,application/xhtml+xml,application/xml;q=0.9,image/webp,image/apng,*/*;q=0.8',
  'accept-encoding' => 'gzip, deflate, br',
  'accept-language' => 'zh-CN,zh;q=0.8',
  'cookie' => 'PHPSESSID=79dinho7r4dubfal1ils7k09h2',
)
[ info ] [ PARAM ] array (
)
[ info ] [ RUN ] app\index\controller\IndexController->test[ G:\phpStudy\WWW\thinkphp\tp5\application\index\controller\IndexController.php ]
[ info ] [ SESSION ] INIT array (
  'id' => '',
  'var_session_id' => '',
  'prefix' => 'think',
  'type' => '\\driver\\session\\Db1',
  'auto_start' => true,
)
[ info ] [ DB ] INIT mysql
[ info ] [ LOG ] INIT File
[ error ] [0]method not exist:think\db\Query->get[G:\phpStudy\WWW\thinkphp\tp5\thinkphp\library\think\db\Query.php:94]
---------------------------------------------------------------
[ 2017-11-01T10:13:51+08:00 ] 0.0.0.0 127.0.0.1 GET /index/index/test
[ info ] 127.0.0.1:86/index/index/test [运行时间：0.035545s][吞吐率：28.13req/s] [内存消耗：2,174.94kb] [文件加载：56]
[ info ] [ LANG ] G:\phpStudy\WWW\thinkphp\tp5\thinkphp\lang\zh-cn.php
[ info ] [ ROUTE ] array (
  'type' => 'module',
  'module' => 
  array (
    0 => 'index',
    1 => 'index',
    2 => 'test',
  ),
)
[ info ] [ HEADER ] array (
  'host' => '127.0.0.1:86',
  'connection' => 'keep-alive',
  'cache-control' => 'max-age=0',
  'user-agent' => 'Mozilla/5.0 (Windows NT 6.3; WOW64) AppleWebKit/537.36 (KHTML, like Gecko) Chrome/61.0.3163.91 Safari/537.36',
  'upgrade-insecure-requests' => '1',
  'accept' => 'text/html,application/xhtml+xml,application/xml;q=0.9,image/webp,image/apng,*/*;q=0.8',
  'accept-encoding' => 'gzip, deflate, br',
  'accept-language' => 'zh-CN,zh;q=0.8',
  'cookie' => 'PHPSESSID=79dinho7r4dubfal1ils7k09h2',
)
[ info ] [ PARAM ] array (
)
[ info ] [ RUN ] app\index\controller\IndexController->test[ G:\phpStudy\WWW\thinkphp\tp5\application\index\controller\IndexController.php ]
[ info ] [ SESSION ] INIT array (
  'id' => '',
  'var_session_id' => '',
  'prefix' => 'think',
  'type' => '\\driver\\session\\Db1',
  'auto_start' => true,
)
[ info ] [ DB ] INIT mysql
[ info ] [ LOG ] INIT File
[ error ] [0]method not exist:think\db\Query->get[G:\phpStudy\WWW\thinkphp\tp5\thinkphp\library\think\db\Query.php:94]
---------------------------------------------------------------
[ 2017-11-01T10:15:17+08:00 ] 0.0.0.0 127.0.0.1 GET /index/index/test
[ info ] 127.0.0.1:86/index/index/test [运行时间：0.049423s][吞吐率：20.23req/s] [内存消耗：2,224.04kb] [文件加载：54]
[ info ] [ LANG ] G:\phpStudy\WWW\thinkphp\tp5\thinkphp\lang\zh-cn.php
[ info ] [ ROUTE ] array (
  'type' => 'module',
  'module' => 
  array (
    0 => 'index',
    1 => 'index',
    2 => 'test',
  ),
)
[ info ] [ HEADER ] array (
  'host' => '127.0.0.1:86',
  'connection' => 'keep-alive',
  'cache-control' => 'max-age=0',
  'user-agent' => 'Mozilla/5.0 (Windows NT 6.3; WOW64) AppleWebKit/537.36 (KHTML, like Gecko) Chrome/61.0.3163.91 Safari/537.36',
  'upgrade-insecure-requests' => '1',
  'accept' => 'text/html,application/xhtml+xml,application/xml;q=0.9,image/webp,image/apng,*/*;q=0.8',
  'accept-encoding' => 'gzip, deflate, br',
  'accept-language' => 'zh-CN,zh;q=0.8',
  'cookie' => 'PHPSESSID=79dinho7r4dubfal1ils7k09h2',
)
[ info ] [ PARAM ] array (
)
[ info ] [ RUN ] app\index\controller\IndexController->test[ G:\phpStudy\WWW\thinkphp\tp5\application\index\controller\IndexController.php ]
[ info ] [ SESSION ] INIT array (
  'id' => '',
  'var_session_id' => '',
  'prefix' => 'think',
  'type' => '\\driver\\session\\Db1',
  'auto_start' => true,
)
[ info ] [ DB ] INIT mysql
[ info ] [ LOG ] INIT File
[ sql ] [ DB ] CONNECT:[ UseTime:0.001434s ] mysql:host=127.0.0.1;dbname=tp5;charset=utf8
[ sql ] [ SQL ] SHOW COLUMNS FROM `think_session` [ RunTime:0.006057s ]
[ sql ] [ SQL ] SELECT * FROM `think_session` WHERE  `session_id` = '79dinho7r4dubfal1ils7k09h2' LIMIT 1 [ RunTime:0.000404s ]
---------------------------------------------------------------
[ 2017-11-01T10:18:48+08:00 ] 0.0.0.0 127.0.0.1 GET /index/index/test
[ info ] 127.0.0.1:86/index/index/test [运行时间：0.056394s][吞吐率：17.73req/s] [内存消耗：2,224.52kb] [文件加载：54]
[ info ] [ LANG ] G:\phpStudy\WWW\thinkphp\tp5\thinkphp\lang\zh-cn.php
[ info ] [ ROUTE ] array (
  'type' => 'module',
  'module' => 
  array (
    0 => 'index',
    1 => 'index',
    2 => 'test',
  ),
)
[ info ] [ HEADER ] array (
  'host' => '127.0.0.1:86',
  'connection' => 'keep-alive',
  'cache-control' => 'max-age=0',
  'user-agent' => 'Mozilla/5.0 (Windows NT 6.3; WOW64) AppleWebKit/537.36 (KHTML, like Gecko) Chrome/61.0.3163.91 Safari/537.36',
  'upgrade-insecure-requests' => '1',
  'accept' => 'text/html,application/xhtml+xml,application/xml;q=0.9,image/webp,image/apng,*/*;q=0.8',
  'accept-encoding' => 'gzip, deflate, br',
  'accept-language' => 'zh-CN,zh;q=0.8',
  'cookie' => 'PHPSESSID=79dinho7r4dubfal1ils7k09h2',
)
[ info ] [ PARAM ] array (
)
[ info ] [ RUN ] app\index\controller\IndexController->test[ G:\phpStudy\WWW\thinkphp\tp5\application\index\controller\IndexController.php ]
[ info ] [ SESSION ] INIT array (
  'id' => '',
  'var_session_id' => '',
  'prefix' => 'think',
  'type' => '\\driver\\session\\Db1',
  'auto_start' => true,
)
[ info ] [ DB ] INIT mysql
[ info ] [ LOG ] INIT File
[ sql ] [ DB ] CONNECT:[ UseTime:0.011889s ] mysql:host=127.0.0.1;dbname=tp5;charset=utf8
[ sql ] [ SQL ] SHOW COLUMNS FROM `think_session` [ RunTime:0.006320s ]
[ sql ] [ SQL ] SELECT * FROM `think_session` WHERE  `session_id` = '79dinho7r4dubfal1ils7k09h2' LIMIT 1 [ RunTime:0.000402s ]
---------------------------------------------------------------
[ 2017-11-01T10:19:03+08:00 ] 0.0.0.0 127.0.0.1 GET /index/index/test
[ info ] 127.0.0.1:86/index/index/test [运行时间：0.040230s][吞吐率：24.86req/s] [内存消耗：2,224.29kb] [文件加载：54]
[ info ] [ LANG ] G:\phpStudy\WWW\thinkphp\tp5\thinkphp\lang\zh-cn.php
[ info ] [ ROUTE ] array (
  'type' => 'module',
  'module' => 
  array (
    0 => 'index',
    1 => 'index',
    2 => 'test',
  ),
)
[ info ] [ HEADER ] array (
  'host' => '127.0.0.1:86',
  'connection' => 'keep-alive',
  'cache-control' => 'max-age=0',
  'user-agent' => 'Mozilla/5.0 (Windows NT 6.3; WOW64) AppleWebKit/537.36 (KHTML, like Gecko) Chrome/61.0.3163.91 Safari/537.36',
  'upgrade-insecure-requests' => '1',
  'accept' => 'text/html,application/xhtml+xml,application/xml;q=0.9,image/webp,image/apng,*/*;q=0.8',
  'accept-encoding' => 'gzip, deflate, br',
  'accept-language' => 'zh-CN,zh;q=0.8',
  'cookie' => 'PHPSESSID=79dinho7r4dubfal1ils7k09h2',
)
[ info ] [ PARAM ] array (
)
[ info ] [ RUN ] app\index\controller\IndexController->test[ G:\phpStudy\WWW\thinkphp\tp5\application\index\controller\IndexController.php ]
[ info ] [ SESSION ] INIT array (
  'id' => '',
  'var_session_id' => '',
  'prefix' => 'think',
  'type' => '\\driver\\session\\Db1',
  'auto_start' => true,
)
[ info ] [ DB ] INIT mysql
[ info ] [ LOG ] INIT File
[ sql ] [ DB ] CONNECT:[ UseTime:0.001356s ] mysql:host=127.0.0.1;dbname=tp5;charset=utf8
[ sql ] [ SQL ] SHOW COLUMNS FROM `think_session` [ RunTime:0.007101s ]
[ sql ] [ SQL ] SELECT * FROM `think_session` WHERE  `session_id` = '79dinho7r4dubfal1ils7k09h2' LIMIT 1 [ RunTime:0.000418s ]
